{"/home/munendra.kushwaha/WORKSPACE/events-backend/src/app.ts": {"path":"/home/munendra.kushwaha/WORKSPACE/events-backend/src/app.ts","statementMap":{"0":{"start":{"line":1,"column":0},"end":{"line":1,"column":30}},"1":{"start":{"line":2,"column":0},"end":{"line":2,"column":24}},"2":{"start":{"line":3,"column":0},"end":{"line":3,"column":28}},"3":{"start":{"line":4,"column":0},"end":{"line":4,"column":43}},"4":{"start":{"line":5,"column":0},"end":{"line":5,"column":57}},"5":{"start":{"line":6,"column":0},"end":{"line":6,"column":55}},"6":{"start":{"line":7,"column":0},"end":{"line":7,"column":57}},"7":{"start":{"line":8,"column":0},"end":{"line":8,"column":47}},"8":{"start":{"line":10,"column":0},"end":{"line":10,"column":52}},"9":{"start":{"line":11,"column":0},"end":{"line":11,"column":36}},"10":{"start":{"line":17,"column":4},"end":{"line":17,"column":20}},"11":{"start":{"line":18,"column":4},"end":{"line":18,"column":25}},"12":{"start":{"line":22,"column":4},"end":{"line":22,"column":27}},"13":{"start":{"line":23,"column":4},"end":{"line":23,"column":18}},"14":{"start":{"line":27,"column":4},"end":{"line":27,"column":41}},"15":{"start":{"line":28,"column":4},"end":{"line":28,"column":20}},"16":{"start":{"line":29,"column":4},"end":{"line":29,"column":33}},"17":{"start":{"line":30,"column":4},"end":{"line":37,"column":6}},"18":{"start":{"line":38,"column":4},"end":{"line":38,"column":49}},"19":{"start":{"line":39,"column":4},"end":{"line":39,"column":58}},"20":{"start":{"line":43,"column":4},"end":{"line":43,"column":39}},"21":{"start":{"line":44,"column":4},"end":{"line":44,"column":41}},"22":{"start":{"line":46,"column":4},"end":{"line":46,"column":77}},"23":{"start":{"line":47,"column":4},"end":{"line":51,"column":6}},"24":{"start":{"line":50,"column":8},"end":{"line":50,"column":44}},"25":{"start":{"line":53,"column":4},"end":{"line":55,"column":7}},"26":{"start":{"line":54,"column":6},"end":{"line":54,"column":44}},"27":{"start":{"line":60,"column":4},"end":{"line":62,"column":7}},"28":{"start":{"line":61,"column":6},"end":{"line":61,"column":61}},"29":{"start":{"line":65,"column":0},"end":{"line":65,"column":22}}},"fnMap":{"0":{"name":"(anonymous_8)","decl":{"start":{"line":16,"column":2},"end":{"line":16,"column":null}},"loc":{"start":{"line":16,"column":2},"end":{"line":19,"column":3}}},"1":{"name":"(anonymous_9)","decl":{"start":{"line":21,"column":8},"end":{"line":21,"column":17}},"loc":{"start":{"line":21,"column":17},"end":{"line":24,"column":null}}},"2":{"name":"(anonymous_11)","decl":{"start":{"line":26,"column":8},"end":{"line":26,"column":17}},"loc":{"start":{"line":26,"column":17},"end":{"line":40,"column":null}}},"3":{"name":"(anonymous_13)","decl":{"start":{"line":42,"column":2},"end":{"line":42,"column":8}},"loc":{"start":{"line":42,"column":8},"end":{"line":56,"column":3}}},"4":{"name":"(anonymous_14)","decl":{"start":{"line":49,"column":6},"end":{"line":49,"column":7}},"loc":{"start":{"line":50,"column":8},"end":{"line":50,"column":44}}},"5":{"name":"(anonymous_15)","decl":{"start":{"line":53,"column":22},"end":{"line":53,"column":23}},"loc":{"start":{"line":53,"column":70},"end":{"line":55,"column":5}}},"6":{"name":"(anonymous_16)","decl":{"start":{"line":58,"column":9},"end":{"line":58,"column":14}},"loc":{"start":{"line":58,"column":14},"end":{"line":63,"column":3}}},"7":{"name":"(anonymous_17)","decl":{"start":{"line":60,"column":39},"end":{"line":60,"column":42}},"loc":{"start":{"line":60,"column":44},"end":{"line":62,"column":5}}}},"branchMap":{},"s":{"0":3,"1":3,"2":3,"3":3,"4":3,"5":3,"6":3,"7":3,"8":3,"9":3,"10":3,"11":3,"12":44,"13":44,"14":44,"15":44,"16":44,"17":44,"18":44,"19":44,"20":44,"21":44,"22":44,"23":44,"24":1,"25":44,"26":1,"27":0,"28":0,"29":3},"f":{"0":3,"1":44,"2":44,"3":44,"4":1,"5":1,"6":0,"7":0},"b":{}}
,"/home/munendra.kushwaha/WORKSPACE/events-backend/src/config.ts": {"path":"/home/munendra.kushwaha/WORKSPACE/events-backend/src/config.ts","statementMap":{"0":{"start":{"line":1,"column":0},"end":{"line":1,"column":28}},"1":{"start":{"line":9,"column":0},"end":{"line":9,"column":16}},"2":{"start":{"line":11,"column":35},"end":{"line":16,"column":2}},"3":{"start":{"line":18,"column":0},"end":{"line":18,"column":28}}},"fnMap":{},"branchMap":{"0":{"loc":{"start":{"line":12,"column":13},"end":{"line":12,"column":50}},"type":"cond-expr","locations":[{"start":{"line":12,"column":33},"end":{"line":12,"column":37}},{"start":{"line":12,"column":37},"end":{"line":12,"column":50}}]},"1":{"loc":{"start":{"line":12,"column":13},"end":{"line":12,"column":37}},"type":"binary-expr","locations":[{"start":{"line":12,"column":13},"end":{"line":12,"column":37}},{"start":{"line":12,"column":33},"end":{"line":12,"column":37}}]},"2":{"loc":{"start":{"line":13,"column":19},"end":{"line":13,"column":45}},"type":"cond-expr","locations":[{"start":{"line":13,"column":35},"end":{"line":13,"column":39}},{"start":{"line":13,"column":39},"end":{"line":13,"column":45}}]},"3":{"loc":{"start":{"line":13,"column":19},"end":{"line":13,"column":39}},"type":"binary-expr","locations":[{"start":{"line":13,"column":19},"end":{"line":13,"column":39}},{"start":{"line":13,"column":35},"end":{"line":13,"column":39}}]},"4":{"loc":{"start":{"line":14,"column":15},"end":{"line":14,"column":43}},"type":"cond-expr","locations":[{"start":{"line":14,"column":37},"end":{"line":14,"column":41}},{"start":{"line":14,"column":41},"end":{"line":14,"column":43}}]},"5":{"loc":{"start":{"line":14,"column":15},"end":{"line":14,"column":41}},"type":"binary-expr","locations":[{"start":{"line":14,"column":15},"end":{"line":14,"column":41}},{"start":{"line":14,"column":37},"end":{"line":14,"column":41}}]},"6":{"loc":{"start":{"line":15,"column":14},"end":{"line":15,"column":41}},"type":"cond-expr","locations":[{"start":{"line":15,"column":35},"end":{"line":15,"column":39}},{"start":{"line":15,"column":39},"end":{"line":15,"column":41}}]},"7":{"loc":{"start":{"line":15,"column":14},"end":{"line":15,"column":39}},"type":"binary-expr","locations":[{"start":{"line":15,"column":14},"end":{"line":15,"column":39}},{"start":{"line":15,"column":35},"end":{"line":15,"column":39}}]}},"s":{"0":3,"1":3,"2":3,"3":3},"f":{},"b":{"0":[3,0],"1":[3,3],"2":[3,0],"3":[3,3],"4":[3,0],"5":[3,3],"6":[3,0],"7":[3,3]}}
,"/home/munendra.kushwaha/WORKSPACE/events-backend/src/docs/swaggerConfig.ts": {"path":"/home/munendra.kushwaha/WORKSPACE/events-backend/src/docs/swaggerConfig.ts","statementMap":{"0":{"start":{"line":1,"column":0},"end":{"line":1,"column":41}},"1":{"start":{"line":3,"column":38},"end":{"line":19,"column":2}},"2":{"start":{"line":21,"column":25},"end":{"line":21,"column":46}},"3":{"start":{"line":23,"column":0},"end":{"line":23,"column":27}}},"fnMap":{},"branchMap":{},"s":{"0":3,"1":3,"2":3,"3":3},"f":{},"b":{}}
,"/home/munendra.kushwaha/WORKSPACE/events-backend/src/lib/Connection.ts": {"path":"/home/munendra.kushwaha/WORKSPACE/events-backend/src/lib/Connection.ts","statementMap":{"0":{"start":{"line":1,"column":0},"end":{"line":1,"column":32}},"1":{"start":{"line":2,"column":0},"end":{"line":2,"column":37}},"2":{"start":{"line":4,"column":19},"end":{"line":4,"column":47}},"3":{"start":{"line":6,"column":2},"end":{"line":13,"column":4}},"4":{"start":{"line":6,"column":39},"end":{"line":13,"column":4}},"5":{"start":{"line":7,"column":4},"end":{"line":12,"column":5}},"6":{"start":{"line":8,"column":6},"end":{"line":8,"column":39}},"7":{"start":{"line":9,"column":6},"end":{"line":9,"column":43}},"8":{"start":{"line":11,"column":6},"end":{"line":11,"column":50}},"9":{"start":{"line":15,"column":2},"end":{"line":22,"column":4}},"10":{"start":{"line":15,"column":42},"end":{"line":22,"column":4}},"11":{"start":{"line":16,"column":4},"end":{"line":21,"column":5}},"12":{"start":{"line":17,"column":6},"end":{"line":17,"column":34}},"13":{"start":{"line":18,"column":6},"end":{"line":18,"column":47}},"14":{"start":{"line":20,"column":6},"end":{"line":20,"column":48}},"15":{"start":{"line":25,"column":0},"end":{"line":25,"column":32}}},"fnMap":{"0":{"name":"(anonymous_8)","decl":{"start":{"line":3,"column":0},"end":{"line":3,"column":6}},"loc":{"start":{"line":3,"column":0},"end":{"line":23,"column":1}}},"1":{"name":"(anonymous_9)","decl":{"start":{"line":6,"column":14},"end":{"line":6,"column":37}},"loc":{"start":{"line":6,"column":39},"end":{"line":13,"column":4}}},"2":{"name":"(anonymous_10)","decl":{"start":{"line":6,"column":39},"end":{"line":6,"column":null}},"loc":{"start":{"line":6,"column":39},"end":{"line":13,"column":3}}},"3":{"name":"(anonymous_11)","decl":{"start":{"line":15,"column":17},"end":{"line":15,"column":40}},"loc":{"start":{"line":15,"column":42},"end":{"line":22,"column":4}}},"4":{"name":"(anonymous_12)","decl":{"start":{"line":15,"column":42},"end":{"line":15,"column":null}},"loc":{"start":{"line":15,"column":42},"end":{"line":22,"column":3}}}},"branchMap":{},"s":{"0":3,"1":3,"2":3,"3":3,"4":88,"5":88,"6":88,"7":88,"8":0,"9":3,"10":57,"11":57,"12":57,"13":57,"14":0,"15":3},"f":{"0":3,"1":88,"2":88,"3":57,"4":57},"b":{}}
,"/home/munendra.kushwaha/WORKSPACE/events-backend/src/lib/index.ts": {"path":"/home/munendra.kushwaha/WORKSPACE/events-backend/src/lib/index.ts","statementMap":{"0":{"start":{"line":1,"column":0},"end":{"line":1,"column":7}},"1":{"start":{"line":4,"column":9},"end":{"line":1,"column":38}},"2":{"start":{"line":2,"column":0},"end":{"line":2,"column":7}},"3":{"start":{"line":4,"column":21},"end":{"line":2,"column":51}}},"fnMap":{},"branchMap":{},"s":{"0":3,"1":3,"2":3,"3":3},"f":{},"b":{}}
,"/home/munendra.kushwaha/WORKSPACE/events-backend/src/lib/base/baseRepository.ts": {"path":"/home/munendra.kushwaha/WORKSPACE/events-backend/src/lib/base/baseRepository.ts","statementMap":{"0":{"start":{"line":8,"column":4},"end":{"line":8,"column":23}},"1":{"start":{"line":12,"column":4},"end":{"line":12,"column":45}},"2":{"start":{"line":16,"column":4},"end":{"line":16,"column":41}},"3":{"start":{"line":20,"column":0},"end":{"line":20,"column":30}}},"fnMap":{"0":{"name":"(anonymous_7)","decl":{"start":{"line":7,"column":2},"end":{"line":7,"column":14}},"loc":{"start":{"line":7,"column":29},"end":{"line":9,"column":3}}},"1":{"name":"(anonymous_8)","decl":{"start":{"line":11,"column":15},"end":{"line":11,"column":21}},"loc":{"start":{"line":11,"column":29},"end":{"line":13,"column":null}}},"2":{"name":"(anonymous_10)","decl":{"start":{"line":15,"column":15},"end":{"line":15,"column":26}},"loc":{"start":{"line":15,"column":49},"end":{"line":17,"column":null}}}},"branchMap":{},"s":{"0":6,"1":2,"2":11,"3":3},"f":{"0":6,"1":2,"2":11},"b":{}}
,"/home/munendra.kushwaha/WORKSPACE/events-backend/src/middlewares/OtherMiddleware.ts": {"path":"/home/munendra.kushwaha/WORKSPACE/events-backend/src/middlewares/OtherMiddleware.ts","statementMap":{"0":{"start":{"line":2,"column":0},"end":{"line":2,"column":69}},"1":{"start":{"line":5,"column":11},"end":{"line":5,"column":17}},"2":{"start":{"line":7,"column":11},"end":{"line":7,"column":29}},"3":{"start":{"line":12,"column":8},"end":{"line":12,"column":58}},"4":{"start":{"line":13,"column":8},"end":{"line":13,"column":15}},"5":{"start":{"line":16,"column":11},"end":{"line":16,"column":17}},"6":{"start":{"line":16,"column":52},"end":{"line":43,"column":6}},"7":{"start":{"line":17,"column":8},"end":{"line":42,"column":9}},"8":{"start":{"line":18,"column":37},"end":{"line":19,"column":null}},"9":{"start":{"line":21,"column":32},"end":{"line":33,"column":null}},"10":{"start":{"line":36,"column":30},"end":{"line":36,"column":45}},"11":{"start":{"line":37,"column":12},"end":{"line":37,"column":24}},"12":{"start":{"line":40,"column":12},"end":{"line":40,"column":33}},"13":{"start":{"line":41,"column":12},"end":{"line":41,"column":24}},"14":{"start":{"line":45,"column":11},"end":{"line":45,"column":25}},"15":{"start":{"line":49,"column":22},"end":{"line":63,"column":6}},"16":{"start":{"line":52,"column":27},"end":{"line":52,"column":42}},"17":{"start":{"line":53,"column":8},"end":{"line":62,"column":9}},"18":{"start":{"line":54,"column":34},"end":{"line":54,"column":52}},"19":{"start":{"line":55,"column":12},"end":{"line":57,"column":13}},"20":{"start":{"line":56,"column":16},"end":{"line":56,"column":77}},"21":{"start":{"line":58,"column":12},"end":{"line":58,"column":53}},"22":{"start":{"line":59,"column":12},"end":{"line":59,"column":19}},"23":{"start":{"line":61,"column":12},"end":{"line":61,"column":31}},"24":{"start":{"line":65,"column":11},"end":{"line":65,"column":20}},"25":{"start":{"line":66,"column":8},"end":{"line":70,"column":10}},"26":{"start":{"line":71,"column":8},"end":{"line":71,"column":15}},"27":{"start":{"line":75,"column":0},"end":{"line":75,"column":31}}},"fnMap":{"0":{"name":"(anonymous_7)","decl":{"start":{"line":7,"column":29},"end":{"line":7,"column":null}},"loc":{"start":{"line":11,"column":14},"end":{"line":14,"column":null}}},"1":{"name":"(anonymous_8)","decl":{"start":{"line":16,"column":17},"end":{"line":16,"column":24}},"loc":{"start":{"line":16,"column":52},"end":{"line":43,"column":6}}},"2":{"name":"(anonymous_9)","decl":{"start":{"line":16,"column":52},"end":{"line":16,"column":null}},"loc":{"start":{"line":16,"column":52},"end":{"line":43,"column":5}}},"3":{"name":"(anonymous_10)","decl":{"start":{"line":45,"column":25},"end":{"line":45,"column":null}},"loc":{"start":{"line":49,"column":22},"end":{"line":63,"column":6}}},"4":{"name":"(anonymous_11)","decl":{"start":{"line":49,"column":22},"end":{"line":49,"column":null}},"loc":{"start":{"line":49,"column":22},"end":{"line":63,"column":5}}},"5":{"name":"(anonymous_12)","decl":{"start":{"line":65,"column":20},"end":{"line":65,"column":21}},"loc":{"start":{"line":65,"column":78},"end":{"line":72,"column":null}}}},"branchMap":{"0":{"loc":{"start":{"line":55,"column":12},"end":{"line":57,"column":13}},"type":"if","locations":[{"start":{"line":55,"column":12},"end":{"line":57,"column":13}}]}},"s":{"0":3,"1":3,"2":3,"3":44,"4":44,"5":3,"6":0,"7":0,"8":0,"9":0,"10":0,"11":0,"12":0,"13":0,"14":3,"15":0,"16":0,"17":0,"18":0,"19":0,"20":0,"21":0,"22":0,"23":0,"24":3,"25":44,"26":44,"27":3},"f":{"0":44,"1":0,"2":0,"3":0,"4":0,"5":44},"b":{"0":[0]}}
,"/home/munendra.kushwaha/WORKSPACE/events-backend/src/middlewares/index.ts": {"path":"/home/munendra.kushwaha/WORKSPACE/events-backend/src/middlewares/index.ts","statementMap":{"0":{"start":{"line":1,"column":0},"end":{"line":1,"column":56}},"1":{"start":{"line":3,"column":0},"end":{"line":3,"column":39}}},"fnMap":{},"branchMap":{},"s":{"0":3,"1":3},"f":{},"b":{}}
,"/home/munendra.kushwaha/WORKSPACE/events-backend/src/modules/events/controller.ts": {"path":"/home/munendra.kushwaha/WORKSPACE/events-backend/src/modules/events/controller.ts","statementMap":{"0":{"start":{"line":2,"column":0},"end":{"line":2,"column":34}},"1":{"start":{"line":5,"column":0},"end":{"line":5,"column":57}},"2":{"start":{"line":8,"column":2},"end":{"line":29,"column":4}},"3":{"start":{"line":8,"column":60},"end":{"line":29,"column":4}},"4":{"start":{"line":9,"column":4},"end":{"line":28,"column":5}},"5":{"start":{"line":10,"column":43},"end":{"line":10,"column":52}},"6":{"start":{"line":11,"column":28},"end":{"line":11,"column":60}},"7":{"start":{"line":13,"column":8},"end":{"line":14,"column":40}},"8":{"start":{"line":15,"column":6},"end":{"line":18,"column":7}},"9":{"start":{"line":16,"column":21},"end":{"line":16,"column":56}},"10":{"start":{"line":17,"column":8},"end":{"line":17,"column":42}},"11":{"start":{"line":19,"column":6},"end":{"line":23,"column":7}},"12":{"start":{"line":20,"column":21},"end":{"line":20,"column":56}},"13":{"start":{"line":21,"column":21},"end":{"line":21,"column":64}},"14":{"start":{"line":22,"column":8},"end":{"line":22,"column":42}},"15":{"start":{"line":24,"column":19},"end":{"line":24,"column":59}},"16":{"start":{"line":25,"column":6},"end":{"line":25,"column":40}},"17":{"start":{"line":27,"column":6},"end":{"line":27,"column":72}},"18":{"start":{"line":31,"column":2},"end":{"line":44,"column":4}},"19":{"start":{"line":31,"column":70},"end":{"line":44,"column":4}},"20":{"start":{"line":32,"column":4},"end":{"line":43,"column":5}},"21":{"start":{"line":33,"column":27},"end":{"line":33,"column":37}},"22":{"start":{"line":34,"column":36},"end":{"line":34,"column":45}},"23":{"start":{"line":35,"column":28},"end":{"line":35,"column":60}},"24":{"start":{"line":37,"column":8},"end":{"line":37,"column":74}},"25":{"start":{"line":38,"column":24},"end":{"line":38,"column":74}},"26":{"start":{"line":39,"column":20},"end":{"line":39,"column":79}},"27":{"start":{"line":40,"column":6},"end":{"line":40,"column":63}},"28":{"start":{"line":42,"column":6},"end":{"line":42,"column":41}},"29":{"start":{"line":46,"column":2},"end":{"line":53,"column":4}},"30":{"start":{"line":46,"column":64},"end":{"line":53,"column":4}},"31":{"start":{"line":47,"column":4},"end":{"line":52,"column":5}},"32":{"start":{"line":48,"column":34},"end":{"line":48,"column":57}},"33":{"start":{"line":49,"column":6},"end":{"line":49,"column":54}},"34":{"start":{"line":51,"column":6},"end":{"line":51,"column":41}},"35":{"start":{"line":55,"column":2},"end":{"line":64,"column":4}},"36":{"start":{"line":55,"column":60},"end":{"line":64,"column":4}},"37":{"start":{"line":56,"column":4},"end":{"line":63,"column":5}},"38":{"start":{"line":57,"column":32},"end":{"line":57,"column":40}},"39":{"start":{"line":59,"column":6},"end":{"line":59,"column":35}},"40":{"start":{"line":60,"column":6},"end":{"line":60,"column":71}},"41":{"start":{"line":62,"column":6},"end":{"line":62,"column":63}},"42":{"start":{"line":66,"column":2},"end":{"line":79,"column":4}},"43":{"start":{"line":66,"column":64},"end":{"line":79,"column":4}},"44":{"start":{"line":67,"column":4},"end":{"line":78,"column":5}},"45":{"start":{"line":68,"column":21},"end":{"line":68,"column":31}},"46":{"start":{"line":70,"column":25},"end":{"line":70,"column":51}},"47":{"start":{"line":71,"column":6},"end":{"line":75,"column":7}},"48":{"start":{"line":72,"column":8},"end":{"line":72,"column":53}},"49":{"start":{"line":74,"column":8},"end":{"line":74,"column":67}},"50":{"start":{"line":77,"column":6},"end":{"line":77,"column":62}},"51":{"start":{"line":81,"column":2},"end":{"line":94,"column":4}},"52":{"start":{"line":81,"column":67},"end":{"line":94,"column":4}},"53":{"start":{"line":82,"column":28},"end":{"line":82,"column":41}},"54":{"start":{"line":83,"column":33},"end":{"line":83,"column":41}},"55":{"start":{"line":84,"column":4},"end":{"line":93,"column":5}},"56":{"start":{"line":85,"column":32},"end":{"line":85,"column":79}},"57":{"start":{"line":86,"column":6},"end":{"line":86,"column":51}},"58":{"start":{"line":88,"column":6},"end":{"line":88,"column":73}},"59":{"start":{"line":90,"column":6},"end":{"line":92,"column":9}},"60":{"start":{"line":96,"column":2},"end":{"line":108,"column":4}},"61":{"start":{"line":96,"column":67},"end":{"line":108,"column":4}},"62":{"start":{"line":97,"column":28},"end":{"line":97,"column":41}},"63":{"start":{"line":98,"column":4},"end":{"line":107,"column":5}},"64":{"start":{"line":99,"column":28},"end":{"line":99,"column":61}},"65":{"start":{"line":101,"column":6},"end":{"line":101,"column":48}},"66":{"start":{"line":103,"column":6},"end":{"line":106,"column":9}},"67":{"start":{"line":110,"column":2},"end":{"line":124,"column":4}},"68":{"start":{"line":110,"column":66},"end":{"line":124,"column":4}},"69":{"start":{"line":111,"column":4},"end":{"line":123,"column":5}},"70":{"start":{"line":112,"column":28},"end":{"line":112,"column":50}},"71":{"start":{"line":113,"column":43},"end":{"line":113,"column":57}},"72":{"start":{"line":114,"column":6},"end":{"line":116,"column":7}},"73":{"start":{"line":115,"column":8},"end":{"line":115,"column":69}},"74":{"start":{"line":117,"column":6},"end":{"line":117,"column":54}},"75":{"start":{"line":118,"column":6},"end":{"line":120,"column":9}},"76":{"start":{"line":122,"column":6},"end":{"line":122,"column":70}},"77":{"start":{"line":127,"column":0},"end":{"line":127,"column":32}}},"fnMap":{"0":{"name":"(anonymous_8)","decl":{"start":{"line":7,"column":0},"end":{"line":7,"column":6}},"loc":{"start":{"line":7,"column":0},"end":{"line":125,"column":1}}},"1":{"name":"(anonymous_9)","decl":{"start":{"line":8,"column":8},"end":{"line":8,"column":15}},"loc":{"start":{"line":8,"column":60},"end":{"line":29,"column":4}}},"2":{"name":"(anonymous_10)","decl":{"start":{"line":8,"column":60},"end":{"line":8,"column":null}},"loc":{"start":{"line":8,"column":60},"end":{"line":29,"column":3}}},"3":{"name":"(anonymous_11)","decl":{"start":{"line":31,"column":18},"end":{"line":31,"column":25}},"loc":{"start":{"line":31,"column":70},"end":{"line":44,"column":4}}},"4":{"name":"(anonymous_12)","decl":{"start":{"line":31,"column":70},"end":{"line":31,"column":null}},"loc":{"start":{"line":31,"column":70},"end":{"line":44,"column":3}}},"5":{"name":"(anonymous_13)","decl":{"start":{"line":46,"column":12},"end":{"line":46,"column":19}},"loc":{"start":{"line":46,"column":64},"end":{"line":53,"column":4}}},"6":{"name":"(anonymous_14)","decl":{"start":{"line":46,"column":64},"end":{"line":46,"column":null}},"loc":{"start":{"line":46,"column":64},"end":{"line":53,"column":3}}},"7":{"name":"(anonymous_15)","decl":{"start":{"line":55,"column":8},"end":{"line":55,"column":15}},"loc":{"start":{"line":55,"column":60},"end":{"line":64,"column":4}}},"8":{"name":"(anonymous_16)","decl":{"start":{"line":55,"column":60},"end":{"line":55,"column":null}},"loc":{"start":{"line":55,"column":60},"end":{"line":64,"column":3}}},"9":{"name":"(anonymous_17)","decl":{"start":{"line":66,"column":12},"end":{"line":66,"column":19}},"loc":{"start":{"line":66,"column":64},"end":{"line":79,"column":4}}},"10":{"name":"(anonymous_18)","decl":{"start":{"line":66,"column":64},"end":{"line":66,"column":null}},"loc":{"start":{"line":66,"column":64},"end":{"line":79,"column":3}}},"11":{"name":"(anonymous_19)","decl":{"start":{"line":81,"column":15},"end":{"line":81,"column":22}},"loc":{"start":{"line":81,"column":67},"end":{"line":94,"column":4}}},"12":{"name":"(anonymous_20)","decl":{"start":{"line":81,"column":67},"end":{"line":81,"column":null}},"loc":{"start":{"line":81,"column":67},"end":{"line":94,"column":3}}},"13":{"name":"(anonymous_21)","decl":{"start":{"line":96,"column":15},"end":{"line":96,"column":22}},"loc":{"start":{"line":96,"column":67},"end":{"line":108,"column":4}}},"14":{"name":"(anonymous_22)","decl":{"start":{"line":96,"column":67},"end":{"line":96,"column":null}},"loc":{"start":{"line":96,"column":67},"end":{"line":108,"column":3}}},"15":{"name":"(anonymous_23)","decl":{"start":{"line":110,"column":14},"end":{"line":110,"column":21}},"loc":{"start":{"line":110,"column":66},"end":{"line":124,"column":4}}},"16":{"name":"(anonymous_24)","decl":{"start":{"line":110,"column":66},"end":{"line":110,"column":null}},"loc":{"start":{"line":110,"column":66},"end":{"line":124,"column":3}}}},"branchMap":{"0":{"loc":{"start":{"line":15,"column":6},"end":{"line":18,"column":7}},"type":"if","locations":[{"start":{"line":15,"column":6},"end":{"line":18,"column":7}}]},"1":{"loc":{"start":{"line":19,"column":6},"end":{"line":23,"column":7}},"type":"if","locations":[{"start":{"line":19,"column":6},"end":{"line":23,"column":7}}]},"2":{"loc":{"start":{"line":71,"column":6},"end":{"line":75,"column":7}},"type":"if","locations":[{"start":{"line":71,"column":6},"end":{"line":75,"column":7}},{"start":{"line":73,"column":13},"end":{"line":75,"column":7}}]},"3":{"loc":{"start":{"line":112,"column":28},"end":{"line":112,"column":50}},"type":"cond-expr","locations":[{"start":{"line":112,"column":36},"end":{"line":112,"column":38}},{"start":{"line":112,"column":36},"end":{"line":112,"column":50}}]},"4":{"loc":{"start":{"line":112,"column":28},"end":{"line":112,"column":38}},"type":"binary-expr","locations":[{"start":{"line":112,"column":28},"end":{"line":112,"column":38}},{"start":{"line":112,"column":36},"end":{"line":112,"column":38}}]},"5":{"loc":{"start":{"line":113,"column":43},"end":{"line":113,"column":57}},"type":"cond-expr","locations":[{"start":{"line":113,"column":51},"end":{"line":113,"column":53}},{"start":{"line":113,"column":51},"end":{"line":113,"column":57}}]},"6":{"loc":{"start":{"line":113,"column":43},"end":{"line":113,"column":53}},"type":"binary-expr","locations":[{"start":{"line":113,"column":43},"end":{"line":113,"column":53}},{"start":{"line":113,"column":51},"end":{"line":113,"column":53}}]},"7":{"loc":{"start":{"line":114,"column":6},"end":{"line":116,"column":7}},"type":"if","locations":[{"start":{"line":114,"column":6},"end":{"line":116,"column":7}}]}},"s":{"0":3,"1":3,"2":3,"3":4,"4":4,"5":4,"6":4,"7":4,"8":4,"9":2,"10":1,"11":2,"12":1,"13":1,"14":1,"15":1,"16":1,"17":1,"18":3,"19":2,"20":2,"21":2,"22":2,"23":2,"24":2,"25":2,"26":1,"27":1,"28":1,"29":3,"30":2,"31":2,"32":2,"33":1,"34":1,"35":3,"36":2,"37":2,"38":2,"39":2,"40":1,"41":1,"42":3,"43":2,"44":2,"45":2,"46":2,"47":1,"48":1,"49":0,"50":1,"51":3,"52":2,"53":2,"54":2,"55":2,"56":2,"57":1,"58":1,"59":1,"60":3,"61":2,"62":2,"63":2,"64":2,"65":1,"66":1,"67":3,"68":2,"69":2,"70":2,"71":2,"72":2,"73":1,"74":1,"75":1,"76":0,"77":3},"f":{"0":3,"1":4,"2":4,"3":2,"4":2,"5":2,"6":2,"7":2,"8":2,"9":2,"10":2,"11":2,"12":2,"13":2,"14":2,"15":2,"16":2},"b":{"0":[2],"1":[1],"2":[1,0],"3":[1,1],"4":[2,2],"5":[1,1],"6":[2,2],"7":[1]}}
,"/home/munendra.kushwaha/WORKSPACE/events-backend/src/modules/events/index.ts": {"path":"/home/munendra.kushwaha/WORKSPACE/events-backend/src/modules/events/index.ts","statementMap":{"0":{"start":{"line":1,"column":0},"end":{"line":1,"column":7}},"1":{"start":{"line":5,"column":9},"end":{"line":1,"column":38}},"2":{"start":{"line":2,"column":0},"end":{"line":2,"column":7}},"3":{"start":{"line":5,"column":21},"end":{"line":2,"column":29}},"4":{"start":{"line":3,"column":0},"end":{"line":3,"column":7}},"5":{"start":{"line":5,"column":29},"end":{"line":3,"column":32}}},"fnMap":{},"branchMap":{},"s":{"0":3,"1":3,"2":3,"3":3,"4":3,"5":3},"f":{},"b":{}}
,"/home/munendra.kushwaha/WORKSPACE/events-backend/src/modules/events/joiSchema.ts": {"path":"/home/munendra.kushwaha/WORKSPACE/events-backend/src/modules/events/joiSchema.ts","statementMap":{"0":{"start":{"line":1,"column":0},"end":{"line":1,"column":22}},"1":{"start":{"line":4,"column":11},"end":{"line":20,"column":7}},"2":{"start":{"line":4,"column":53},"end":{"line":20,"column":6}},"3":{"start":{"line":22,"column":0},"end":{"line":22,"column":25}}},"fnMap":{"0":{"name":"(anonymous_1)","decl":{"start":{"line":4,"column":24},"end":{"line":4,"column":50}},"loc":{"start":{"line":4,"column":53},"end":{"line":20,"column":6}}}},"branchMap":{},"s":{"0":3,"1":3,"2":2,"3":3},"f":{"0":2},"b":{}}
,"/home/munendra.kushwaha/WORKSPACE/events-backend/src/modules/events/route.ts": {"path":"/home/munendra.kushwaha/WORKSPACE/events-backend/src/modules/events/route.ts","statementMap":{"0":{"start":{"line":1,"column":0},"end":{"line":1,"column":33}},"1":{"start":{"line":2,"column":0},"end":{"line":2,"column":45}},"2":{"start":{"line":3,"column":0},"end":{"line":3,"column":31}},"3":{"start":{"line":5,"column":23},"end":{"line":5,"column":51}},"4":{"start":{"line":6,"column":23},"end":{"line":6,"column":31}},"5":{"start":{"line":8,"column":0},"end":{"line":8,"column":45}},"6":{"start":{"line":11,"column":0},"end":{"line":11,"column":49}},"7":{"start":{"line":14,"column":0},"end":{"line":14,"column":null}},"8":{"start":{"line":41,"column":0},"end":{"line":41,"column":53}},"9":{"start":{"line":120,"column":0},"end":{"line":120,"column":59}},"10":{"start":{"line":147,"column":0},"end":{"line":147,"column":62}},"11":{"start":{"line":176,"column":0},"end":{"line":176,"column":71}},"12":{"start":{"line":177,"column":0},"end":{"line":177,"column":77}},"13":{"start":{"line":179,"column":0},"end":{"line":179,"column":22}}},"fnMap":{},"branchMap":{},"s":{"0":3,"1":3,"2":3,"3":3,"4":3,"5":3,"6":3,"7":3,"8":3,"9":3,"10":3,"11":3,"12":3,"13":3},"f":{},"b":{}}
,"/home/munendra.kushwaha/WORKSPACE/events-backend/src/modules/events/service.ts": {"path":"/home/munendra.kushwaha/WORKSPACE/events-backend/src/modules/events/service.ts","statementMap":{"0":{"start":{"line":1,"column":0},"end":{"line":1,"column":20}},"1":{"start":{"line":2,"column":0},"end":{"line":2,"column":35}},"2":{"start":{"line":4,"column":0},"end":{"line":4,"column":42}},"3":{"start":{"line":5,"column":0},"end":{"line":5,"column":47}},"4":{"start":{"line":6,"column":0},"end":{"line":6,"column":36}},"5":{"start":{"line":7,"column":0},"end":{"line":7,"column":57}},"6":{"start":{"line":10,"column":2},"end":{"line":17,"column":4}},"7":{"start":{"line":14,"column":20},"end":{"line":17,"column":4}},"8":{"start":{"line":15,"column":19},"end":{"line":15,"column":54}},"9":{"start":{"line":16,"column":4},"end":{"line":16,"column":56}},"10":{"start":{"line":18,"column":2},"end":{"line":22,"column":75}},"11":{"start":{"line":22,"column":20},"end":{"line":22,"column":75}},"12":{"start":{"line":22,"column":21},"end":{"line":22,"column":75}},"13":{"start":{"line":24,"column":2},"end":{"line":24,"column":65}},"14":{"start":{"line":24,"column":37},"end":{"line":24,"column":65}},"15":{"start":{"line":24,"column":38},"end":{"line":24,"column":65}},"16":{"start":{"line":27,"column":4},"end":{"line":27,"column":46}},"17":{"start":{"line":31,"column":4},"end":{"line":31,"column":50}},"18":{"start":{"line":35,"column":4},"end":{"line":35,"column":58}},"19":{"start":{"line":39,"column":36},"end":{"line":39,"column":43}},"20":{"start":{"line":40,"column":4},"end":{"line":40,"column":48}},"21":{"start":{"line":44,"column":4},"end":{"line":44,"column":62}},"22":{"start":{"line":48,"column":4},"end":{"line":48,"column":48}},"23":{"start":{"line":55,"column":35},"end":{"line":55,"column":43}},"24":{"start":{"line":57,"column":32},"end":{"line":57,"column":34}},"25":{"start":{"line":58,"column":29},"end":{"line":58,"column":31}},"26":{"start":{"line":59,"column":31},"end":{"line":59,"column":33}},"27":{"start":{"line":60,"column":30},"end":{"line":60,"column":57}},"28":{"start":{"line":61,"column":21},"end":{"line":61,"column":52}},"29":{"start":{"line":63,"column":4},"end":{"line":125,"column":9}},"30":{"start":{"line":68,"column":8},"end":{"line":84,"column":11}},"31":{"start":{"line":86,"column":28},"end":{"line":125,"column":8}},"32":{"start":{"line":87,"column":8},"end":{"line":124,"column":9}},"33":{"start":{"line":88,"column":10},"end":{"line":101,"column":13}},"34":{"start":{"line":89,"column":30},"end":{"line":91,"column":14}},"35":{"start":{"line":92,"column":12},"end":{"line":100,"column":13}},"36":{"start":{"line":93,"column":14},"end":{"line":93,"column":35}},"37":{"start":{"line":95,"column":14},"end":{"line":99,"column":17}},"38":{"start":{"line":98,"column":60},"end":{"line":98,"column":73}},"39":{"start":{"line":102,"column":30},"end":{"line":102,"column":67}},"40":{"start":{"line":105,"column":10},"end":{"line":105,"column":34}},"41":{"start":{"line":107,"column":10},"end":{"line":107,"column":55}},"42":{"start":{"line":109,"column":34},"end":{"line":109,"column":61}},"43":{"start":{"line":112,"column":10},"end":{"line":120,"column":13}},"44":{"start":{"line":123,"column":10},"end":{"line":123,"column":56}},"45":{"start":{"line":128,"column":0},"end":{"line":128,"column":29}}},"fnMap":{"0":{"name":"(anonymous_8)","decl":{"start":{"line":9,"column":0},"end":{"line":9,"column":6}},"loc":{"start":{"line":9,"column":0},"end":{"line":127,"column":1}}},"1":{"name":"(anonymous_9)","decl":{"start":{"line":10,"column":11},"end":{"line":10,"column":null}},"loc":{"start":{"line":14,"column":20},"end":{"line":17,"column":4}}},"2":{"name":"(anonymous_10)","decl":{"start":{"line":14,"column":20},"end":{"line":14,"column":null}},"loc":{"start":{"line":14,"column":20},"end":{"line":17,"column":3}}},"3":{"name":"(anonymous_11)","decl":{"start":{"line":18,"column":18},"end":{"line":18,"column":null}},"loc":{"start":{"line":22,"column":20},"end":{"line":22,"column":75}}},"4":{"name":"(anonymous_12)","decl":{"start":{"line":22,"column":20},"end":{"line":22,"column":21}},"loc":{"start":{"line":22,"column":20},"end":{"line":22,"column":75}}},"5":{"name":"(anonymous_13)","decl":{"start":{"line":24,"column":12},"end":{"line":24,"column":35}},"loc":{"start":{"line":24,"column":37},"end":{"line":24,"column":65}}},"6":{"name":"(anonymous_14)","decl":{"start":{"line":24,"column":37},"end":{"line":24,"column":38}},"loc":{"start":{"line":24,"column":37},"end":{"line":24,"column":65}}},"7":{"name":"(anonymous_15)","decl":{"start":{"line":26,"column":8},"end":{"line":26,"column":11}},"loc":{"start":{"line":26,"column":29},"end":{"line":28,"column":null}}},"8":{"name":"(anonymous_17)","decl":{"start":{"line":30,"column":8},"end":{"line":30,"column":16}},"loc":{"start":{"line":30,"column":44},"end":{"line":32,"column":null}}},"9":{"name":"(anonymous_19)","decl":{"start":{"line":34,"column":8},"end":{"line":34,"column":18}},"loc":{"start":{"line":34,"column":60},"end":{"line":36,"column":null}}},"10":{"name":"(anonymous_21)","decl":{"start":{"line":38,"column":8},"end":{"line":38,"column":16}},"loc":{"start":{"line":38,"column":28},"end":{"line":41,"column":null}}},"11":{"name":"(anonymous_23)","decl":{"start":{"line":43,"column":8},"end":{"line":43,"column":18}},"loc":{"start":{"line":43,"column":56},"end":{"line":45,"column":null}}},"12":{"name":"(anonymous_25)","decl":{"start":{"line":47,"column":8},"end":{"line":47,"column":18}},"loc":{"start":{"line":47,"column":34},"end":{"line":49,"column":null}}},"13":{"name":"(anonymous_27)","decl":{"start":{"line":51,"column":8},"end":{"line":51,"column":17}},"loc":{"start":{"line":54,"column":3},"end":{"line":126,"column":null}}},"14":{"name":"(anonymous_29)","decl":{"start":{"line":65,"column":18},"end":{"line":65,"column":19}},"loc":{"start":{"line":65,"column":26},"end":{"line":85,"column":7}}},"15":{"name":"(anonymous_30)","decl":{"start":{"line":86,"column":17},"end":{"line":86,"column":26}},"loc":{"start":{"line":86,"column":28},"end":{"line":125,"column":8}}},"16":{"name":"(anonymous_31)","decl":{"start":{"line":86,"column":28},"end":{"line":86,"column":null}},"loc":{"start":{"line":86,"column":28},"end":{"line":125,"column":7}}},"17":{"name":"(anonymous_32)","decl":{"start":{"line":88,"column":31},"end":{"line":88,"column":32}},"loc":{"start":{"line":88,"column":47},"end":{"line":101,"column":11}}},"18":{"name":"(anonymous_33)","decl":{"start":{"line":98,"column":49},"end":{"line":98,"column":50}},"loc":{"start":{"line":98,"column":60},"end":{"line":98,"column":73}}}},"branchMap":{"0":{"loc":{"start":{"line":92,"column":12},"end":{"line":100,"column":13}},"type":"if","locations":[{"start":{"line":92,"column":12},"end":{"line":100,"column":13}},{"start":{"line":94,"column":19},"end":{"line":100,"column":13}}]},"1":{"loc":{"start":{"line":98,"column":30},"end":{"line":98,"column":74}},"type":"cond-expr","locations":[{"start":{"line":98,"column":35},"end":{"line":98,"column":37}},{"start":{"line":98,"column":30},"end":{"line":98,"column":74}}]},"2":{"loc":{"start":{"line":98,"column":30},"end":{"line":98,"column":37}},"type":"binary-expr","locations":[{"start":{"line":98,"column":30},"end":{"line":98,"column":37}},{"start":{"line":98,"column":30},"end":{"line":98,"column":37}}]}},"s":{"0":3,"1":3,"2":3,"3":3,"4":3,"5":3,"6":3,"7":1,"8":1,"9":1,"10":3,"11":2,"12":2,"13":3,"14":2,"15":2,"16":2,"17":2,"18":1,"19":2,"20":2,"21":2,"22":2,"23":1,"24":1,"25":1,"26":1,"27":1,"28":1,"29":1,"30":2,"31":1,"32":1,"33":1,"34":2,"35":2,"36":0,"37":2,"38":3,"39":1,"40":1,"41":1,"42":0,"43":0,"44":1,"45":3},"f":{"0":3,"1":1,"2":1,"3":2,"4":2,"5":2,"6":2,"7":2,"8":2,"9":1,"10":2,"11":2,"12":2,"13":1,"14":2,"15":1,"16":1,"17":2,"18":3},"b":{"0":[0,2],"1":[0,2],"2":[2,2]}}
,"/home/munendra.kushwaha/WORKSPACE/events-backend/src/modules/events/repository/index.ts": {"path":"/home/munendra.kushwaha/WORKSPACE/events-backend/src/modules/events/repository/index.ts","statementMap":{"0":{"start":{"line":1,"column":0},"end":{"line":1,"column":7}},"1":{"start":{"line":5,"column":9},"end":{"line":1,"column":33}},"2":{"start":{"line":2,"column":0},"end":{"line":2,"column":7}},"3":{"start":{"line":5,"column":21},"end":{"line":2,"column":35}},"4":{"start":{"line":3,"column":0},"end":{"line":3,"column":7}},"5":{"start":{"line":5,"column":34},"end":{"line":3,"column":38}}},"fnMap":{},"branchMap":{},"s":{"0":3,"1":3,"2":3,"3":3,"4":3,"5":3},"f":{},"b":{}}
,"/home/munendra.kushwaha/WORKSPACE/events-backend/src/modules/events/repository/model.ts": {"path":"/home/munendra.kushwaha/WORKSPACE/events-backend/src/modules/events/repository/model.ts","statementMap":{"0":{"start":{"line":1,"column":0},"end":{"line":1,"column":48}},"1":{"start":{"line":3,"column":0},"end":{"line":3,"column":35}},"2":{"start":{"line":5,"column":34},"end":{"line":5,"column":79}},"3":{"start":{"line":7,"column":0},"end":{"line":7,"column":26}}},"fnMap":{},"branchMap":{},"s":{"0":3,"1":3,"2":3,"3":3},"f":{},"b":{}}
,"/home/munendra.kushwaha/WORKSPACE/events-backend/src/modules/events/repository/repository.ts": {"path":"/home/munendra.kushwaha/WORKSPACE/events-backend/src/modules/events/repository/repository.ts","statementMap":{"0":{"start":{"line":3,"column":0},"end":{"line":3,"column":33}},"1":{"start":{"line":4,"column":0},"end":{"line":4,"column":62}},"2":{"start":{"line":5,"column":0},"end":{"line":5,"column":48}},"3":{"start":{"line":6,"column":0},"end":{"line":6,"column":58}},"4":{"start":{"line":13,"column":4},"end":{"line":13,"column":22}},"5":{"start":{"line":14,"column":4},"end":{"line":14,"column":33}},"6":{"start":{"line":22,"column":23},"end":{"line":22,"column":74}},"7":{"start":{"line":23,"column":17},"end":{"line":23,"column":75}},"8":{"start":{"line":24,"column":4},"end":{"line":24,"column":32}},"9":{"start":{"line":27,"column":4},"end":{"line":27,"column":75}},"10":{"start":{"line":31,"column":4},"end":{"line":31,"column":34}},"11":{"start":{"line":35,"column":23},"end":{"line":35,"column":61}},"12":{"start":{"line":36,"column":17},"end":{"line":36,"column":69}},"13":{"start":{"line":37,"column":4},"end":{"line":37,"column":32}},"14":{"start":{"line":41,"column":4},"end":{"line":52,"column":5}},"15":{"start":{"line":42,"column":25},"end":{"line":44,"column":25}},"16":{"start":{"line":45,"column":19},"end":{"line":48,"column":19}},"17":{"start":{"line":49,"column":6},"end":{"line":49,"column":34}},"18":{"start":{"line":51,"column":6},"end":{"line":51,"column":48}},"19":{"start":{"line":56,"column":4},"end":{"line":58,"column":7}},"20":{"start":{"line":62,"column":4},"end":{"line":62,"column":61}},"21":{"start":{"line":66,"column":4},"end":{"line":66,"column":70}},"22":{"start":{"line":70,"column":0},"end":{"line":70,"column":32}}},"fnMap":{"0":{"name":"(anonymous_8)","decl":{"start":{"line":12,"column":2},"end":{"line":12,"column":null}},"loc":{"start":{"line":12,"column":2},"end":{"line":15,"column":3}}},"1":{"name":"(anonymous_9)","decl":{"start":{"line":17,"column":8},"end":{"line":17,"column":14}},"loc":{"start":{"line":20,"column":16},"end":{"line":25,"column":null}}},"2":{"name":"(anonymous_11)","decl":{"start":{"line":26,"column":8},"end":{"line":26,"column":21}},"loc":{"start":{"line":26,"column":67},"end":{"line":28,"column":null}}},"3":{"name":"(anonymous_13)","decl":{"start":{"line":30,"column":8},"end":{"line":30,"column":15}},"loc":{"start":{"line":30,"column":15},"end":{"line":32,"column":null}}},"4":{"name":"(anonymous_15)","decl":{"start":{"line":34,"column":8},"end":{"line":34,"column":16}},"loc":{"start":{"line":34,"column":44},"end":{"line":38,"column":null}}},"5":{"name":"(anonymous_17)","decl":{"start":{"line":40,"column":8},"end":{"line":40,"column":18}},"loc":{"start":{"line":40,"column":60},"end":{"line":53,"column":null}}},"6":{"name":"(anonymous_19)","decl":{"start":{"line":55,"column":8},"end":{"line":55,"column":18}},"loc":{"start":{"line":55,"column":56},"end":{"line":59,"column":null}}},"7":{"name":"(anonymous_21)","decl":{"start":{"line":61,"column":8},"end":{"line":61,"column":18}},"loc":{"start":{"line":61,"column":34},"end":{"line":63,"column":null}}},"8":{"name":"(anonymous_23)","decl":{"start":{"line":65,"column":8},"end":{"line":65,"column":17}},"loc":{"start":{"line":65,"column":27},"end":{"line":67,"column":null}}}},"branchMap":{},"s":{"0":3,"1":3,"2":3,"3":3,"4":3,"5":3,"6":1,"7":1,"8":1,"9":2,"10":2,"11":2,"12":1,"13":1,"14":1,"15":1,"16":1,"17":1,"18":0,"19":2,"20":2,"21":1,"22":3},"f":{"0":3,"1":1,"2":2,"3":2,"4":2,"5":1,"6":2,"7":2,"8":1},"b":{}}
,"/home/munendra.kushwaha/WORKSPACE/events-backend/src/modules/events/repository/schema.ts": {"path":"/home/munendra.kushwaha/WORKSPACE/events-backend/src/modules/events/repository/schema.ts","statementMap":{"0":{"start":{"line":1,"column":0},"end":{"line":1,"column":34}},"1":{"start":{"line":4,"column":30},"end":{"line":10,"column":2}},"2":{"start":{"line":12,"column":28},"end":{"line":24,"column":null}},"3":{"start":{"line":27,"column":0},"end":{"line":27,"column":27}}},"fnMap":{},"branchMap":{},"s":{"0":3,"1":3,"2":3,"3":3},"f":{},"b":{}}
,"/home/munendra.kushwaha/WORKSPACE/events-backend/src/modules/events/repositoryBulk/model.ts": {"path":"/home/munendra.kushwaha/WORKSPACE/events-backend/src/modules/events/repositoryBulk/model.ts","statementMap":{"0":{"start":{"line":1,"column":0},"end":{"line":1,"column":48}},"1":{"start":{"line":2,"column":0},"end":{"line":2,"column":34}},"2":{"start":{"line":5,"column":36},"end":{"line":7,"column":null}},"3":{"start":{"line":9,"column":0},"end":{"line":9,"column":25}}},"fnMap":{},"branchMap":{},"s":{"0":3,"1":3,"2":3,"3":3},"f":{},"b":{}}
,"/home/munendra.kushwaha/WORKSPACE/events-backend/src/modules/events/repositoryBulk/modelError.ts": {"path":"/home/munendra.kushwaha/WORKSPACE/events-backend/src/modules/events/repositoryBulk/modelError.ts","statementMap":{"0":{"start":{"line":1,"column":0},"end":{"line":1,"column":48}},"1":{"start":{"line":2,"column":0},"end":{"line":2,"column":44}},"2":{"start":{"line":5,"column":42},"end":{"line":7,"column":null}},"3":{"start":{"line":10,"column":0},"end":{"line":10,"column":30}}},"fnMap":{},"branchMap":{},"s":{"0":3,"1":3,"2":3,"3":3},"f":{},"b":{}}
,"/home/munendra.kushwaha/WORKSPACE/events-backend/src/modules/events/repositoryBulk/schema.ts": {"path":"/home/munendra.kushwaha/WORKSPACE/events-backend/src/modules/events/repositoryBulk/schema.ts","statementMap":{"0":{"start":{"line":1,"column":0},"end":{"line":1,"column":34}},"1":{"start":{"line":4,"column":27},"end":{"line":16,"column":null}},"2":{"start":{"line":19,"column":0},"end":{"line":19,"column":26}}},"fnMap":{},"branchMap":{},"s":{"0":3,"1":3,"2":3},"f":{},"b":{}}
,"/home/munendra.kushwaha/WORKSPACE/events-backend/src/modules/events/repositoryBulk/schemaError.ts": {"path":"/home/munendra.kushwaha/WORKSPACE/events-backend/src/modules/events/repositoryBulk/schemaError.ts","statementMap":{"0":{"start":{"line":1,"column":0},"end":{"line":1,"column":34}},"1":{"start":{"line":4,"column":32},"end":{"line":8,"column":2}},"2":{"start":{"line":10,"column":0},"end":{"line":10,"column":31}}},"fnMap":{},"branchMap":{},"s":{"0":3,"1":3,"2":3},"f":{},"b":{}}
,"/home/munendra.kushwaha/WORKSPACE/events-backend/src/modules/users/controller.ts": {"path":"/home/munendra.kushwaha/WORKSPACE/events-backend/src/modules/users/controller.ts","statementMap":{"0":{"start":{"line":2,"column":0},"end":{"line":2,"column":28}},"1":{"start":{"line":5,"column":9},"end":{"line":5,"column":17}},"2":{"start":{"line":5,"column":69},"end":{"line":20,"column":4}},"3":{"start":{"line":6,"column":4},"end":{"line":19,"column":5}},"4":{"start":{"line":7,"column":32},"end":{"line":7,"column":40}},"5":{"start":{"line":8,"column":35},"end":{"line":8,"column":65}},"6":{"start":{"line":10,"column":6},"end":{"line":15,"column":7}},"7":{"start":{"line":11,"column":30},"end":{"line":11,"column":62}},"8":{"start":{"line":12,"column":8},"end":{"line":14,"column":65}},"9":{"start":{"line":16,"column":6},"end":{"line":16,"column":70}},"10":{"start":{"line":18,"column":6},"end":{"line":18,"column":70}},"11":{"start":{"line":22,"column":9},"end":{"line":22,"column":20}},"12":{"start":{"line":22,"column":72},"end":{"line":32,"column":4}},"13":{"start":{"line":23,"column":4},"end":{"line":31,"column":5}},"14":{"start":{"line":24,"column":34},"end":{"line":24,"column":42}},"15":{"start":{"line":25,"column":28},"end":{"line":25,"column":64}},"16":{"start":{"line":26,"column":6},"end":{"line":27,"column":71}},"17":{"start":{"line":27,"column":8},"end":{"line":27,"column":71}},"18":{"start":{"line":28,"column":6},"end":{"line":28,"column":74}},"19":{"start":{"line":30,"column":6},"end":{"line":30,"column":62}},"20":{"start":{"line":4,"column":21},"end":{"line":4,"column":null}}},"fnMap":{"0":{"name":"(anonymous_7)","decl":{"start":{"line":5,"column":17},"end":{"line":5,"column":24}},"loc":{"start":{"line":5,"column":69},"end":{"line":20,"column":4}}},"1":{"name":"(anonymous_8)","decl":{"start":{"line":5,"column":69},"end":{"line":5,"column":null}},"loc":{"start":{"line":5,"column":69},"end":{"line":20,"column":3}}},"2":{"name":"(anonymous_9)","decl":{"start":{"line":22,"column":20},"end":{"line":22,"column":27}},"loc":{"start":{"line":22,"column":72},"end":{"line":32,"column":4}}},"3":{"name":"(anonymous_10)","decl":{"start":{"line":22,"column":72},"end":{"line":22,"column":null}},"loc":{"start":{"line":22,"column":72},"end":{"line":32,"column":3}}}},"branchMap":{"0":{"loc":{"start":{"line":10,"column":6},"end":{"line":15,"column":7}},"type":"if","locations":[{"start":{"line":10,"column":6},"end":{"line":15,"column":7}}]},"1":{"loc":{"start":{"line":26,"column":6},"end":{"line":27,"column":71}},"type":"if","locations":[{"start":{"line":26,"column":6},"end":{"line":27,"column":71}}]}},"s":{"0":3,"1":3,"2":9,"3":9,"4":9,"5":9,"6":6,"7":6,"8":6,"9":0,"10":3,"11":3,"12":12,"13":12,"14":12,"15":12,"16":6,"17":3,"18":3,"19":6,"20":3},"f":{"0":9,"1":9,"2":12,"3":12},"b":{"0":[6],"1":[3]}}
,"/home/munendra.kushwaha/WORKSPACE/events-backend/src/modules/users/index.ts": {"path":"/home/munendra.kushwaha/WORKSPACE/events-backend/src/modules/users/index.ts","statementMap":{"0":{"start":{"line":1,"column":0},"end":{"line":1,"column":7}},"1":{"start":{"line":5,"column":9},"end":{"line":1,"column":29}},"2":{"start":{"line":2,"column":0},"end":{"line":2,"column":7}},"3":{"start":{"line":5,"column":17},"end":{"line":2,"column":38}},"4":{"start":{"line":3,"column":0},"end":{"line":3,"column":7}},"5":{"start":{"line":5,"column":29},"end":{"line":3,"column":32}}},"fnMap":{},"branchMap":{},"s":{"0":3,"1":3,"2":3,"3":3,"4":3,"5":3},"f":{},"b":{}}
,"/home/munendra.kushwaha/WORKSPACE/events-backend/src/modules/users/route.ts": {"path":"/home/munendra.kushwaha/WORKSPACE/events-backend/src/modules/users/route.ts","statementMap":{"0":{"start":{"line":1,"column":0},"end":{"line":1,"column":33}},"1":{"start":{"line":2,"column":0},"end":{"line":2,"column":46}},"2":{"start":{"line":3,"column":0},"end":{"line":3,"column":58}},"3":{"start":{"line":5,"column":23},"end":{"line":5,"column":31}},"4":{"start":{"line":33,"column":0},"end":{"line":35,"column":65}},"5":{"start":{"line":75,"column":0},"end":{"line":77,"column":60}},"6":{"start":{"line":79,"column":0},"end":{"line":79,"column":22}}},"fnMap":{},"branchMap":{},"s":{"0":3,"1":3,"2":3,"3":3,"4":3,"5":3,"6":3},"f":{},"b":{}}
,"/home/munendra.kushwaha/WORKSPACE/events-backend/src/modules/users/service.ts": {"path":"/home/munendra.kushwaha/WORKSPACE/events-backend/src/modules/users/service.ts","statementMap":{"0":{"start":{"line":1,"column":0},"end":{"line":1,"column":31}},"1":{"start":{"line":2,"column":0},"end":{"line":2,"column":28}},"2":{"start":{"line":3,"column":0},"end":{"line":3,"column":42}},"3":{"start":{"line":5,"column":0},"end":{"line":5,"column":40}},"4":{"start":{"line":8,"column":21},"end":{"line":8,"column":56}},"5":{"start":{"line":11,"column":30},"end":{"line":13,"column":10}},"6":{"start":{"line":14,"column":8},"end":{"line":14,"column":21}},"7":{"start":{"line":18,"column":36},"end":{"line":18,"column":45}},"8":{"start":{"line":19,"column":42},"end":{"line":19,"column":51}},"9":{"start":{"line":20,"column":26},"end":{"line":20,"column":62}},"10":{"start":{"line":22,"column":8},"end":{"line":25,"column":9}},"11":{"start":{"line":23,"column":27},"end":{"line":23,"column":75}},"12":{"start":{"line":24,"column":12},"end":{"line":24,"column":26}},"13":{"start":{"line":26,"column":8},"end":{"line":26,"column":21}},"14":{"start":{"line":30,"column":8},"end":{"line":30,"column":50}},"15":{"start":{"line":33,"column":0},"end":{"line":33,"column":29}}},"fnMap":{"0":{"name":"(anonymous_8)","decl":{"start":{"line":7,"column":0},"end":{"line":7,"column":6}},"loc":{"start":{"line":7,"column":0},"end":{"line":32,"column":1}}},"1":{"name":"(anonymous_9)","decl":{"start":{"line":10,"column":4},"end":{"line":10,"column":17}},"loc":{"start":{"line":10,"column":35},"end":{"line":15,"column":5}}},"2":{"name":"(anonymous_10)","decl":{"start":{"line":17,"column":10},"end":{"line":17,"column":15}},"loc":{"start":{"line":17,"column":33},"end":{"line":27,"column":null}}},"3":{"name":"(anonymous_12)","decl":{"start":{"line":29,"column":10},"end":{"line":29,"column":18}},"loc":{"start":{"line":29,"column":33},"end":{"line":31,"column":null}}}},"branchMap":{"0":{"loc":{"start":{"line":22,"column":8},"end":{"line":25,"column":9}},"type":"if","locations":[{"start":{"line":22,"column":8},"end":{"line":25,"column":9}}]}},"s":{"0":3,"1":3,"2":3,"3":3,"4":3,"5":6,"6":6,"7":9,"8":9,"9":9,"10":6,"11":6,"12":6,"13":0,"14":12,"15":3},"f":{"0":3,"1":6,"2":9,"3":12},"b":{"0":[6]}}
,"/home/munendra.kushwaha/WORKSPACE/events-backend/src/modules/users/middleware/authenticate.ts": {"path":"/home/munendra.kushwaha/WORKSPACE/events-backend/src/modules/users/middleware/authenticate.ts","statementMap":{"0":{"start":{"line":2,"column":0},"end":{"line":2,"column":54}},"1":{"start":{"line":3,"column":0},"end":{"line":3,"column":43}},"2":{"start":{"line":7,"column":19},"end":{"line":7,"column":54}},"3":{"start":{"line":9,"column":9},"end":{"line":38,"column":4}},"4":{"start":{"line":14,"column":23},"end":{"line":14,"column":50}},"5":{"start":{"line":16,"column":4},"end":{"line":19,"column":5}},"6":{"start":{"line":17,"column":6},"end":{"line":17,"column":13}},"7":{"start":{"line":18,"column":6},"end":{"line":18,"column":13}},"8":{"start":{"line":20,"column":4},"end":{"line":37,"column":5}},"9":{"start":{"line":21,"column":47},"end":{"line":23,"column":null}},"10":{"start":{"line":25,"column":6},"end":{"line":29,"column":9}},"11":{"start":{"line":30,"column":6},"end":{"line":30,"column":13}},"12":{"start":{"line":32,"column":6},"end":{"line":35,"column":7}},"13":{"start":{"line":33,"column":8},"end":{"line":33,"column":15}},"14":{"start":{"line":34,"column":8},"end":{"line":34,"column":15}},"15":{"start":{"line":36,"column":6},"end":{"line":36,"column":54}},"16":{"start":{"line":41,"column":0},"end":{"line":41,"column":36}}},"fnMap":{"0":{"name":"(anonymous_7)","decl":{"start":{"line":5,"column":0},"end":{"line":5,"column":6}},"loc":{"start":{"line":5,"column":0},"end":{"line":39,"column":1}}},"1":{"name":"(anonymous_8)","decl":{"start":{"line":9,"column":24},"end":{"line":9,"column":null}},"loc":{"start":{"line":13,"column":54},"end":{"line":38,"column":3}}}},"branchMap":{"0":{"loc":{"start":{"line":16,"column":4},"end":{"line":19,"column":5}},"type":"if","locations":[{"start":{"line":16,"column":4},"end":{"line":19,"column":5}}]},"1":{"loc":{"start":{"line":32,"column":6},"end":{"line":35,"column":7}},"type":"if","locations":[{"start":{"line":32,"column":6},"end":{"line":35,"column":7}}]}},"s":{"0":3,"1":3,"2":3,"3":3,"4":12,"5":12,"6":6,"7":6,"8":6,"9":6,"10":0,"11":0,"12":6,"13":3,"14":3,"15":3,"16":3},"f":{"0":3,"1":12},"b":{"0":[6],"1":[3]}}
,"/home/munendra.kushwaha/WORKSPACE/events-backend/src/modules/users/middleware/index.ts": {"path":"/home/munendra.kushwaha/WORKSPACE/events-backend/src/modules/users/middleware/index.ts","statementMap":{"0":{"start":{"line":1,"column":0},"end":{"line":1,"column":7}},"1":{"start":{"line":4,"column":9},"end":{"line":1,"column":44}},"2":{"start":{"line":2,"column":0},"end":{"line":2,"column":7}},"3":{"start":{"line":4,"column":25},"end":{"line":2,"column":36}}},"fnMap":{},"branchMap":{},"s":{"0":3,"1":3,"2":3,"3":3},"f":{},"b":{}}
,"/home/munendra.kushwaha/WORKSPACE/events-backend/src/modules/users/middleware/validate.ts": {"path":"/home/munendra.kushwaha/WORKSPACE/events-backend/src/modules/users/middleware/validate.ts","statementMap":{"0":{"start":{"line":2,"column":0},"end":{"line":2,"column":44}},"1":{"start":{"line":5,"column":11},"end":{"line":15,"column":6}},"2":{"start":{"line":6,"column":8},"end":{"line":12,"column":9}},"3":{"start":{"line":7,"column":12},"end":{"line":9,"column":15}},"4":{"start":{"line":11,"column":12},"end":{"line":11,"column":73}},"5":{"start":{"line":13,"column":8},"end":{"line":13,"column":15}},"6":{"start":{"line":14,"column":8},"end":{"line":14,"column":25}},"7":{"start":{"line":18,"column":0},"end":{"line":18,"column":26}}},"fnMap":{"0":{"name":"(anonymous_1)","decl":{"start":{"line":5,"column":22},"end":{"line":5,"column":23}},"loc":{"start":{"line":5,"column":79},"end":{"line":15,"column":5}}}},"branchMap":{},"s":{"0":3,"1":3,"2":12,"3":12,"4":0,"5":12,"6":12,"7":3},"f":{"0":12},"b":{}}
,"/home/munendra.kushwaha/WORKSPACE/events-backend/src/modules/users/repository/index.ts": {"path":"/home/munendra.kushwaha/WORKSPACE/events-backend/src/modules/users/repository/index.ts","statementMap":{"0":{"start":{"line":1,"column":0},"end":{"line":1,"column":7}},"1":{"start":{"line":5,"column":9},"end":{"line":1,"column":32}},"2":{"start":{"line":2,"column":0},"end":{"line":2,"column":7}},"3":{"start":{"line":5,"column":20},"end":{"line":2,"column":34}},"4":{"start":{"line":3,"column":0},"end":{"line":3,"column":7}},"5":{"start":{"line":5,"column":32},"end":{"line":3,"column":38}}},"fnMap":{},"branchMap":{},"s":{"0":3,"1":3,"2":3,"3":3,"4":3,"5":3},"f":{},"b":{}}
,"/home/munendra.kushwaha/WORKSPACE/events-backend/src/modules/users/repository/model.ts": {"path":"/home/munendra.kushwaha/WORKSPACE/events-backend/src/modules/users/repository/model.ts","statementMap":{"0":{"start":{"line":1,"column":0},"end":{"line":1,"column":48}},"1":{"start":{"line":2,"column":0},"end":{"line":2,"column":34}},"2":{"start":{"line":5,"column":32},"end":{"line":5,"column":74}},"3":{"start":{"line":6,"column":0},"end":{"line":6,"column":25}}},"fnMap":{},"branchMap":{},"s":{"0":3,"1":3,"2":3,"3":3},"f":{},"b":{}}
,"/home/munendra.kushwaha/WORKSPACE/events-backend/src/modules/users/repository/repository.ts": {"path":"/home/munendra.kushwaha/WORKSPACE/events-backend/src/modules/users/repository/repository.ts","statementMap":{"0":{"start":{"line":2,"column":0},"end":{"line":2,"column":28}},"1":{"start":{"line":3,"column":0},"end":{"line":3,"column":30}},"2":{"start":{"line":5,"column":0},"end":{"line":5,"column":52}},"3":{"start":{"line":11,"column":8},"end":{"line":11,"column":25}},"4":{"start":{"line":12,"column":8},"end":{"line":12,"column":35}},"5":{"start":{"line":16,"column":40},"end":{"line":18,"column":10}},"6":{"start":{"line":19,"column":8},"end":{"line":26,"column":9}},"7":{"start":{"line":20,"column":41},"end":{"line":20,"column":80}},"8":{"start":{"line":21,"column":25},"end":{"line":23,"column":null}},"9":{"start":{"line":25,"column":12},"end":{"line":25,"column":56}},"10":{"start":{"line":27,"column":8},"end":{"line":27,"column":49}},"11":{"start":{"line":30,"column":0},"end":{"line":30,"column":32}}},"fnMap":{"0":{"name":"(anonymous_8)","decl":{"start":{"line":10,"column":4},"end":{"line":10,"column":null}},"loc":{"start":{"line":10,"column":4},"end":{"line":13,"column":5}}},"1":{"name":"(anonymous_9)","decl":{"start":{"line":15,"column":17},"end":{"line":15,"column":25}},"loc":{"start":{"line":15,"column":40},"end":{"line":28,"column":null}}}},"branchMap":{"0":{"loc":{"start":{"line":19,"column":8},"end":{"line":26,"column":9}},"type":"if","locations":[{"start":{"line":19,"column":8},"end":{"line":26,"column":9}}]}},"s":{"0":3,"1":3,"2":3,"3":3,"4":3,"5":12,"6":9,"7":6,"8":6,"9":6,"10":3,"11":3},"f":{"0":3,"1":12},"b":{"0":[6]}}
,"/home/munendra.kushwaha/WORKSPACE/events-backend/src/modules/users/repository/schema.ts": {"path":"/home/munendra.kushwaha/WORKSPACE/events-backend/src/modules/users/repository/schema.ts","statementMap":{"0":{"start":{"line":1,"column":0},"end":{"line":1,"column":34}},"1":{"start":{"line":4,"column":27},"end":{"line":9,"column":2}},"2":{"start":{"line":11,"column":0},"end":{"line":11,"column":26}}},"fnMap":{},"branchMap":{},"s":{"0":3,"1":3,"2":3},"f":{},"b":{}}
,"/home/munendra.kushwaha/WORKSPACE/events-backend/src/modules/users/schema/joiSchema.ts": {"path":"/home/munendra.kushwaha/WORKSPACE/events-backend/src/modules/users/schema/joiSchema.ts","statementMap":{"0":{"start":{"line":1,"column":0},"end":{"line":1,"column":22}},"1":{"start":{"line":4,"column":11},"end":{"line":16,"column":7}},"2":{"start":{"line":4,"column":51},"end":{"line":16,"column":6}},"3":{"start":{"line":18,"column":0},"end":{"line":18,"column":25}}},"fnMap":{"0":{"name":"(anonymous_1)","decl":{"start":{"line":4,"column":22},"end":{"line":4,"column":48}},"loc":{"start":{"line":4,"column":51},"end":{"line":16,"column":6}}}},"branchMap":{},"s":{"0":3,"1":3,"2":12,"3":3},"f":{"0":12},"b":{}}
}
