TN:
SF:src/app.ts
FN:16,(anonymous_8)
FN:21,(anonymous_9)
FN:26,(anonymous_11)
FN:42,(anonymous_13)
FN:49,(anonymous_14)
FN:53,(anonymous_15)
FN:58,(anonymous_16)
FN:60,(anonymous_17)
FNF:8
FNH:6
FNDA:3,(anonymous_8)
FNDA:44,(anonymous_9)
FNDA:44,(anonymous_11)
FNDA:44,(anonymous_13)
FNDA:1,(anonymous_14)
FNDA:1,(anonymous_15)
FNDA:0,(anonymous_16)
FNDA:0,(anonymous_17)
DA:1,3
DA:2,3
DA:3,3
DA:4,3
DA:5,3
DA:6,3
DA:7,3
DA:8,3
DA:10,3
DA:11,3
DA:17,3
DA:18,3
DA:22,44
DA:23,44
DA:27,44
DA:28,44
DA:29,44
DA:30,44
DA:38,44
DA:39,44
DA:43,44
DA:44,44
DA:46,44
DA:47,44
DA:50,1
DA:53,44
DA:54,1
DA:60,0
DA:61,0
DA:65,3
LF:30
LH:28
BRF:0
BRH:0
end_of_record
TN:
SF:src/config.ts
FNF:0
FNH:0
DA:1,3
DA:9,3
DA:11,3
DA:18,3
LF:4
LH:4
BRDA:12,0,0,3
BRDA:12,0,1,0
BRDA:12,1,0,3
BRDA:12,1,1,3
BRDA:13,2,0,3
BRDA:13,2,1,0
BRDA:13,3,0,3
BRDA:13,3,1,3
BRDA:14,4,0,3
BRDA:14,4,1,0
BRDA:14,5,0,3
BRDA:14,5,1,3
BRDA:15,6,0,3
BRDA:15,6,1,0
BRDA:15,7,0,3
BRDA:15,7,1,3
BRF:16
BRH:12
end_of_record
TN:
SF:src/docs/swaggerConfig.ts
FNF:0
FNH:0
DA:1,3
DA:3,3
DA:21,3
DA:23,3
LF:4
LH:4
BRF:0
BRH:0
end_of_record
TN:
SF:src/lib/Connection.ts
FN:3,(anonymous_8)
FN:6,(anonymous_9)
FN:6,(anonymous_10)
FN:15,(anonymous_11)
FN:15,(anonymous_12)
FNF:5
FNH:5
FNDA:3,(anonymous_8)
FNDA:88,(anonymous_9)
FNDA:88,(anonymous_10)
FNDA:57,(anonymous_11)
FNDA:57,(anonymous_12)
DA:1,3
DA:2,3
DA:4,3
DA:6,88
DA:7,88
DA:8,88
DA:9,88
DA:11,0
DA:15,57
DA:16,57
DA:17,57
DA:18,57
DA:20,0
DA:25,3
LF:14
LH:12
BRF:0
BRH:0
end_of_record
TN:
SF:src/lib/index.ts
FNF:0
FNH:0
DA:1,3
DA:2,3
DA:4,3
LF:3
LH:3
BRF:0
BRH:0
end_of_record
TN:
SF:src/lib/base/baseRepository.ts
FN:7,(anonymous_7)
FN:11,(anonymous_8)
FN:15,(anonymous_10)
FNF:3
FNH:3
FNDA:6,(anonymous_7)
FNDA:2,(anonymous_8)
FNDA:11,(anonymous_10)
DA:8,6
DA:12,2
DA:16,11
DA:20,3
LF:4
LH:4
BRF:0
BRH:0
end_of_record
TN:
SF:src/middlewares/OtherMiddleware.ts
FN:7,(anonymous_7)
FN:16,(anonymous_8)
FN:16,(anonymous_9)
FN:45,(anonymous_10)
FN:49,(anonymous_11)
FN:65,(anonymous_12)
FNF:6
FNH:2
FNDA:44,(anonymous_7)
FNDA:0,(anonymous_8)
FNDA:0,(anonymous_9)
FNDA:0,(anonymous_10)
FNDA:0,(anonymous_11)
FNDA:44,(anonymous_12)
DA:2,3
DA:5,3
DA:7,3
DA:12,44
DA:13,44
DA:16,3
DA:17,0
DA:18,0
DA:21,0
DA:36,0
DA:37,0
DA:40,0
DA:41,0
DA:45,3
DA:49,0
DA:52,0
DA:53,0
DA:54,0
DA:55,0
DA:56,0
DA:58,0
DA:59,0
DA:61,0
DA:65,3
DA:66,44
DA:71,44
DA:75,3
LF:27
LH:11
BRDA:55,0,0,0
BRF:1
BRH:0
end_of_record
TN:
SF:src/middlewares/index.ts
FNF:0
FNH:0
DA:1,3
DA:3,3
LF:2
LH:2
BRF:0
BRH:0
end_of_record
TN:
SF:src/modules/events/controller.ts
FN:7,(anonymous_8)
FN:8,(anonymous_9)
FN:8,(anonymous_10)
FN:31,(anonymous_11)
FN:31,(anonymous_12)
FN:46,(anonymous_13)
FN:46,(anonymous_14)
FN:55,(anonymous_15)
FN:55,(anonymous_16)
FN:66,(anonymous_17)
FN:66,(anonymous_18)
FN:81,(anonymous_19)
FN:81,(anonymous_20)
FN:96,(anonymous_21)
FN:96,(anonymous_22)
FN:110,(anonymous_23)
FN:110,(anonymous_24)
FNF:17
FNH:17
FNDA:3,(anonymous_8)
FNDA:4,(anonymous_9)
FNDA:4,(anonymous_10)
FNDA:2,(anonymous_11)
FNDA:2,(anonymous_12)
FNDA:2,(anonymous_13)
FNDA:2,(anonymous_14)
FNDA:2,(anonymous_15)
FNDA:2,(anonymous_16)
FNDA:2,(anonymous_17)
FNDA:2,(anonymous_18)
FNDA:2,(anonymous_19)
FNDA:2,(anonymous_20)
FNDA:2,(anonymous_21)
FNDA:2,(anonymous_22)
FNDA:2,(anonymous_23)
FNDA:2,(anonymous_24)
DA:2,3
DA:5,3
DA:8,4
DA:9,4
DA:10,4
DA:11,4
DA:13,4
DA:15,4
DA:16,2
DA:17,1
DA:19,2
DA:20,1
DA:21,1
DA:22,1
DA:24,1
DA:25,1
DA:27,1
DA:31,3
DA:32,2
DA:33,2
DA:34,2
DA:35,2
DA:37,2
DA:38,2
DA:39,1
DA:40,1
DA:42,1
DA:46,3
DA:47,2
DA:48,2
DA:49,1
DA:51,1
DA:55,3
DA:56,2
DA:57,2
DA:59,2
DA:60,1
DA:62,1
DA:66,3
DA:67,2
DA:68,2
DA:70,2
DA:71,1
DA:72,1
DA:74,0
DA:77,1
DA:81,3
DA:82,2
DA:83,2
DA:84,2
DA:85,2
DA:86,1
DA:88,1
DA:90,1
DA:96,3
DA:97,2
DA:98,2
DA:99,2
DA:101,1
DA:103,1
DA:110,3
DA:111,2
DA:112,2
DA:113,2
DA:114,2
DA:115,1
DA:117,1
DA:118,1
DA:122,0
DA:127,3
LF:70
LH:68
BRDA:15,0,0,2
BRDA:19,1,0,1
BRDA:71,2,0,1
BRDA:71,2,1,0
BRDA:112,3,0,1
BRDA:112,3,1,1
BRDA:112,4,0,2
BRDA:112,4,1,2
BRDA:113,5,0,1
BRDA:113,5,1,1
BRDA:113,6,0,2
BRDA:113,6,1,2
BRDA:114,7,0,1
BRF:13
BRH:12
end_of_record
TN:
SF:src/modules/events/index.ts
FNF:0
FNH:0
DA:1,3
DA:2,3
DA:3,3
DA:5,3
LF:4
LH:4
BRF:0
BRH:0
end_of_record
TN:
SF:src/modules/events/joiSchema.ts
FN:4,(anonymous_1)
FNF:1
FNH:1
FNDA:2,(anonymous_1)
DA:1,3
DA:4,3
DA:22,3
LF:3
LH:3
BRF:0
BRH:0
end_of_record
TN:
SF:src/modules/events/route.ts
FNF:0
FNH:0
DA:1,3
DA:2,3
DA:3,3
DA:5,3
DA:6,3
DA:8,3
DA:11,3
DA:14,3
DA:41,3
DA:120,3
DA:147,3
DA:176,3
DA:177,3
DA:179,3
LF:14
LH:14
BRF:0
BRH:0
end_of_record
TN:
SF:src/modules/events/service.ts
FN:9,(anonymous_8)
FN:10,(anonymous_9)
FN:14,(anonymous_10)
FN:18,(anonymous_11)
FN:22,(anonymous_12)
FN:24,(anonymous_13)
FN:24,(anonymous_14)
FN:26,(anonymous_15)
FN:30,(anonymous_17)
FN:34,(anonymous_19)
FN:38,(anonymous_21)
FN:43,(anonymous_23)
FN:47,(anonymous_25)
FN:51,(anonymous_27)
FN:65,(anonymous_29)
FN:86,(anonymous_30)
FN:86,(anonymous_31)
FN:88,(anonymous_32)
FN:98,(anonymous_33)
FNF:19
FNH:19
FNDA:3,(anonymous_8)
FNDA:1,(anonymous_9)
FNDA:1,(anonymous_10)
FNDA:2,(anonymous_11)
FNDA:2,(anonymous_12)
FNDA:2,(anonymous_13)
FNDA:2,(anonymous_14)
FNDA:2,(anonymous_15)
FNDA:2,(anonymous_17)
FNDA:1,(anonymous_19)
FNDA:2,(anonymous_21)
FNDA:2,(anonymous_23)
FNDA:2,(anonymous_25)
FNDA:1,(anonymous_27)
FNDA:2,(anonymous_29)
FNDA:1,(anonymous_30)
FNDA:1,(anonymous_31)
FNDA:2,(anonymous_32)
FNDA:3,(anonymous_33)
DA:1,3
DA:2,3
DA:4,3
DA:5,3
DA:6,3
DA:7,3
DA:10,3
DA:14,1
DA:15,1
DA:16,1
DA:18,3
DA:22,2
DA:24,3
DA:27,2
DA:31,2
DA:35,1
DA:39,2
DA:40,2
DA:44,2
DA:48,2
DA:55,1
DA:57,1
DA:58,1
DA:59,1
DA:60,1
DA:61,1
DA:63,1
DA:68,2
DA:86,1
DA:87,1
DA:88,1
DA:89,2
DA:92,2
DA:93,0
DA:95,2
DA:98,3
DA:102,1
DA:105,1
DA:107,1
DA:109,0
DA:112,0
DA:123,1
DA:128,3
LF:43
LH:40
BRDA:92,0,0,0
BRDA:92,0,1,2
BRDA:98,1,0,0
BRDA:98,1,1,2
BRDA:98,2,0,2
BRDA:98,2,1,2
BRF:6
BRH:4
end_of_record
TN:
SF:src/modules/events/repository/index.ts
FNF:0
FNH:0
DA:1,3
DA:2,3
DA:3,3
DA:5,3
LF:4
LH:4
BRF:0
BRH:0
end_of_record
TN:
SF:src/modules/events/repository/model.ts
FNF:0
FNH:0
DA:1,3
DA:3,3
DA:5,3
DA:7,3
LF:4
LH:4
BRF:0
BRH:0
end_of_record
TN:
SF:src/modules/events/repository/repository.ts
FN:12,(anonymous_8)
FN:17,(anonymous_9)
FN:26,(anonymous_11)
FN:30,(anonymous_13)
FN:34,(anonymous_15)
FN:40,(anonymous_17)
FN:55,(anonymous_19)
FN:61,(anonymous_21)
FN:65,(anonymous_23)
FNF:9
FNH:9
FNDA:3,(anonymous_8)
FNDA:1,(anonymous_9)
FNDA:2,(anonymous_11)
FNDA:2,(anonymous_13)
FNDA:2,(anonymous_15)
FNDA:1,(anonymous_17)
FNDA:2,(anonymous_19)
FNDA:2,(anonymous_21)
FNDA:1,(anonymous_23)
DA:3,3
DA:4,3
DA:5,3
DA:6,3
DA:13,3
DA:14,3
DA:22,1
DA:23,1
DA:24,1
DA:27,2
DA:31,2
DA:35,2
DA:36,1
DA:37,1
DA:41,1
DA:42,1
DA:45,1
DA:49,1
DA:51,0
DA:56,2
DA:62,2
DA:66,1
DA:70,3
LF:23
LH:22
BRF:0
BRH:0
end_of_record
TN:
SF:src/modules/events/repository/schema.ts
FNF:0
FNH:0
DA:1,3
DA:4,3
DA:12,3
DA:27,3
LF:4
LH:4
BRF:0
BRH:0
end_of_record
TN:
SF:src/modules/events/repositoryBulk/model.ts
FNF:0
FNH:0
DA:1,3
DA:2,3
DA:5,3
DA:9,3
LF:4
LH:4
BRF:0
BRH:0
end_of_record
TN:
SF:src/modules/events/repositoryBulk/modelError.ts
FNF:0
FNH:0
DA:1,3
DA:2,3
DA:5,3
DA:10,3
LF:4
LH:4
BRF:0
BRH:0
end_of_record
TN:
SF:src/modules/events/repositoryBulk/schema.ts
FNF:0
FNH:0
DA:1,3
DA:4,3
DA:19,3
LF:3
LH:3
BRF:0
BRH:0
end_of_record
TN:
SF:src/modules/events/repositoryBulk/schemaError.ts
FNF:0
FNH:0
DA:1,3
DA:4,3
DA:10,3
LF:3
LH:3
BRF:0
BRH:0
end_of_record
TN:
SF:src/modules/users/controller.ts
FN:5,(anonymous_7)
FN:5,(anonymous_8)
FN:22,(anonymous_9)
FN:22,(anonymous_10)
FNF:4
FNH:4
FNDA:9,(anonymous_7)
FNDA:9,(anonymous_8)
FNDA:12,(anonymous_9)
FNDA:12,(anonymous_10)
DA:2,3
DA:4,3
DA:5,9
DA:6,9
DA:7,9
DA:8,9
DA:10,6
DA:11,6
DA:12,6
DA:16,0
DA:18,3
DA:22,12
DA:23,12
DA:24,12
DA:25,12
DA:26,6
DA:27,3
DA:28,3
DA:30,6
LF:19
LH:18
BRDA:10,0,0,6
BRDA:26,1,0,3
BRF:2
BRH:2
end_of_record
TN:
SF:src/modules/users/index.ts
FNF:0
FNH:0
DA:1,3
DA:2,3
DA:3,3
DA:5,3
LF:4
LH:4
BRF:0
BRH:0
end_of_record
TN:
SF:src/modules/users/route.ts
FNF:0
FNH:0
DA:1,3
DA:2,3
DA:3,3
DA:5,3
DA:33,3
DA:75,3
DA:79,3
LF:7
LH:7
BRF:0
BRH:0
end_of_record
TN:
SF:src/modules/users/service.ts
FN:7,(anonymous_8)
FN:10,(anonymous_9)
FN:17,(anonymous_10)
FN:29,(anonymous_12)
FNF:4
FNH:4
FNDA:3,(anonymous_8)
FNDA:6,(anonymous_9)
FNDA:9,(anonymous_10)
FNDA:12,(anonymous_12)
DA:1,3
DA:2,3
DA:3,3
DA:5,3
DA:8,3
DA:11,6
DA:14,6
DA:18,9
DA:19,9
DA:20,9
DA:22,6
DA:23,6
DA:24,6
DA:26,0
DA:30,12
DA:33,3
LF:16
LH:15
BRDA:22,0,0,6
BRF:1
BRH:1
end_of_record
TN:
SF:src/modules/users/middleware/authenticate.ts
FN:5,(anonymous_7)
FN:9,(anonymous_8)
FNF:2
FNH:2
FNDA:3,(anonymous_7)
FNDA:12,(anonymous_8)
DA:2,3
DA:3,3
DA:7,3
DA:9,3
DA:14,12
DA:16,12
DA:17,6
DA:18,6
DA:20,6
DA:21,6
DA:25,0
DA:30,0
DA:32,6
DA:33,3
DA:34,3
DA:36,3
DA:41,3
LF:17
LH:15
BRDA:16,0,0,6
BRDA:32,1,0,3
BRF:2
BRH:2
end_of_record
TN:
SF:src/modules/users/middleware/index.ts
FNF:0
FNH:0
DA:1,3
DA:2,3
DA:4,3
LF:3
LH:3
BRF:0
BRH:0
end_of_record
TN:
SF:src/modules/users/middleware/validate.ts
FN:5,(anonymous_1)
FNF:1
FNH:1
FNDA:12,(anonymous_1)
DA:2,3
DA:5,3
DA:6,12
DA:7,12
DA:11,0
DA:13,12
DA:14,12
DA:18,3
LF:8
LH:7
BRF:0
BRH:0
end_of_record
TN:
SF:src/modules/users/repository/index.ts
FNF:0
FNH:0
DA:1,3
DA:2,3
DA:3,3
DA:5,3
LF:4
LH:4
BRF:0
BRH:0
end_of_record
TN:
SF:src/modules/users/repository/model.ts
FNF:0
FNH:0
DA:1,3
DA:2,3
DA:5,3
DA:6,3
LF:4
LH:4
BRF:0
BRH:0
end_of_record
TN:
SF:src/modules/users/repository/repository.ts
FN:10,(anonymous_8)
FN:15,(anonymous_9)
FNF:2
FNH:2
FNDA:3,(anonymous_8)
FNDA:12,(anonymous_9)
DA:2,3
DA:3,3
DA:5,3
DA:11,3
DA:12,3
DA:16,12
DA:19,9
DA:20,6
DA:21,6
DA:25,6
DA:27,3
DA:30,3
LF:12
LH:12
BRDA:19,0,0,6
BRF:1
BRH:1
end_of_record
TN:
SF:src/modules/users/repository/schema.ts
FNF:0
FNH:0
DA:1,3
DA:4,3
DA:11,3
LF:3
LH:3
BRF:0
BRH:0
end_of_record
TN:
SF:src/modules/users/schema/joiSchema.ts
FN:4,(anonymous_1)
FNF:1
FNH:1
FNDA:12,(anonymous_1)
DA:1,3
DA:4,12
DA:18,3
LF:3
LH:3
BRF:0
BRH:0
end_of_record
